e:\visual studio 2013 project\qtcreate\qtcreate\release\showwidget.obj
e:\visual studio 2013 project\qtcreate\qtcreate\release\qtcreate.obj
e:\visual studio 2013 project\qtcreate\qtcreate\release\main.obj
e:\visual studio 2013 project\qtcreate\qtcreate\release\moc_qtcreate.obj
e:\visual studio 2013 project\qtcreate\qtcreate\release\qrc_qtcreate.obj
e:\visual studio 2013 project\qtcreate\qtcreate\generatedfiles\release\moc_qtcreate.cpp
e:\visual studio 2013 project\qtcreate\qtcreate\generatedfiles\ui_qtcreate.h
e:\visual studio 2013 project\qtcreate\qtcreate\generatedfiles\qrc_qtcreate.cpp
e:\visual studio 2013 project\qtcreate\qtcreate\generatedfiles\release\moc_showwidget.cpp
e:\visual studio 2013 project\qtcreate\win32\release\qtcreate.exe
e:\visual studio 2013 project\qtcreate\qtcreate\release\qtcreate.exe.intermediate.manifest
e:\visual studio 2013 project\sf\qtcreate\qtcreate\release\main.obj
e:\visual studio 2013 project\sf\qtcreate\qtcreate\release\moc_qtcreate.obj
e:\visual studio 2013 project\sf\qtcreate\qtcreate\release\qrc_qtcreate.obj
e:\visual studio 2013 project\sf\qtcreate\qtcreate\release\qtcreate.obj
e:\visual studio 2013 project\sf\qtcreate\qtcreate\release\showwidget.obj
e:\visual studio 2013 project\sf\qtcreate\qtcreate\release\cl.command.1.tlog
e:\visual studio 2013 project\sf\qtcreate\qtcreate\release\cl.read.1.tlog
e:\visual studio 2013 project\sf\qtcreate\qtcreate\release\cl.write.1.tlog
e:\visual studio 2013 project\sf\qtcreate\qtcreate\release\custombuild.command.1.tlog
e:\visual studio 2013 project\sf\qtcreate\qtcreate\release\custombuild.read.1.tlog
e:\visual studio 2013 project\sf\qtcreate\qtcreate\release\custombuild.write.1.tlog
e:\visual studio 2013 project\sf\qtcreate\qtcreate\release\link.command.1.tlog
e:\visual studio 2013 project\sf\qtcreate\qtcreate\release\link.read.1.tlog
e:\visual studio 2013 project\sf\qtcreate\qtcreate\release\link.write.1.tlog
e:\visual studio 2013 project\sf\qtcreate\qtcreate\release\mt.command.1.tlog
e:\visual studio 2013 project\sf\qtcreate\qtcreate\release\mt.read.1.tlog
e:\visual studio 2013 project\sf\qtcreate\qtcreate\release\mt.write.1.tlog
e:\visual studio 2013 project\sf\qtcreate\qtcreate\release\qtcreate.exe.intermediate.manifest
e:\visual studio 2013 project\sf\qtcreate\win32\release\qtcreate.exe
