e:\visual studio 2013 project\sf\qtcreate\qtcreate\debug\qrc_qtcreate.obj
e:\visual studio 2013 project\sf\qtcreate\qtcreate\debug\vc100.pdb
e:\visual studio 2013 project\sf\qtcreate\qtcreate\debug\qtcreate.obj
e:\visual studio 2013 project\sf\qtcreate\qtcreate\debug\main.obj
e:\visual studio 2013 project\sf\qtcreate\qtcreate\debug\strategies.obj
e:\visual studio 2013 project\sf\qtcreate\qtcreate\debug\schedule.obj
e:\visual studio 2013 project\sf\qtcreate\qtcreate\debug\mfpsschedule.obj
e:\visual studio 2013 project\sf\qtcreate\qtcreate\debug\moc_qtcreate.obj
e:\visual studio 2013 project\sf\qtcreate\qtcreate\generatedfiles\qrc_qtcreate.cpp
e:\visual studio 2013 project\sf\qtcreate\qtcreate\generatedfiles\ui_qtcreate.h
e:\visual studio 2013 project\sf\qtcreate\qtcreate\generatedfiles\debug\moc_qtcreate.cpp
e:\visual studio 2013 project\sf\qtcreate\win32\debug\qtcreate.ilk
e:\visual studio 2013 project\sf\qtcreate\win32\debug\qtcreate.exe
e:\visual studio 2013 project\sf\qtcreate\qtcreate\debug\qtcreate.exe.intermediate.manifest
e:\visual studio 2013 project\sf\qtcreate\win32\debug\qtcreate.pdb
e:\visual studio 2013 project\sf\qtcreate\qtcreate\debug\cl.command.1.tlog
e:\visual studio 2013 project\sf\qtcreate\qtcreate\debug\cl.read.1.tlog
e:\visual studio 2013 project\sf\qtcreate\qtcreate\debug\cl.write.1.tlog
e:\visual studio 2013 project\sf\qtcreate\qtcreate\debug\custombuild.command.1.tlog
e:\visual studio 2013 project\sf\qtcreate\qtcreate\debug\custombuild.read.1.tlog
e:\visual studio 2013 project\sf\qtcreate\qtcreate\debug\custombuild.write.1.tlog
e:\visual studio 2013 project\sf\qtcreate\qtcreate\debug\link.command.1.tlog
e:\visual studio 2013 project\sf\qtcreate\qtcreate\debug\link.read.1.tlog
e:\visual studio 2013 project\sf\qtcreate\qtcreate\debug\link.write.1.tlog
e:\visual studio 2013 project\sf\qtcreate\qtcreate\debug\mt.command.1.tlog
e:\visual studio 2013 project\sf\qtcreate\qtcreate\debug\mt.read.1.tlog
e:\visual studio 2013 project\sf\qtcreate\qtcreate\debug\mt.write.1.tlog
