生成启动时间为 2015/6/12 12:36:22。
     1>项目“G:\Visual Studio 2013 project\QtCreate05301358\QtCreate\QtCreate\QtCreate.vcxproj”在节点 2 上(Build 个目标)。
     1>CustomBuild:
         Moc'ing qtcreate.h...
         Uic'ing qtcreate.ui...
         Rcc'ing qtcreate.qrc...
       ClCompile:
         C:\Program Files (x86)\Microsoft Visual Studio 10.0\VC\bin\CL.exe /c /I.\GeneratedFiles /I. /IC:\Qt\Qt5.4.1\5.4\msvc2010_opengl\include /I.\GeneratedFiles\Debug /IC:\Qt\Qt5.4.1\5.4\msvc2010_opengl\include\QtCore /IC:\Qt\Qt5.4.1\5.4\msvc2010_opengl\include\QtGui /IC:\Qt\Qt5.4.1\5.4\msvc2010_opengl\include\QtWidgets /IC:\Qt\Qt5.4.1\5.4\msvc2010_opengl\include\QtXml /IC:\Qt\Qt5.4.1\5.4\msvc2010_opengl\include\QtXmlPatterns /IC:\Qt\Qt5.4.1\5.4\msvc2010_opengl\include\QtMultimedia /IC:\Qt\Qt5.4.1\5.4\msvc2010_opengl\include\QtMultimediaWidgets /Zi /nologo /W1 /WX- /Od /Oy- /D UNICODE /D WIN32 /D WIN64 /D QT_DLL /D QT_CORE_LIB /D QT_GUI_LIB /D QT_WIDGETS_LIB /D QT_XML_LIB /D QT_XMLPATTERNS_LIB /D QT_MULTIMEDIA_LIB /D QT_MULTIMEDIAWIDGETS_LIB /Gm- /EHsc /MDd /GS /fp:precise /Zc:wchar_t /Zc:forScope /Fo"Debug\\" /Fd"Debug\vc100.pdb" /Gd /TP /analyze- /errorReport:prompt GeneratedFiles\Debug\moc_qtcreate.cpp main.cpp MFPSSchedule.cpp qtcreate.cpp Schedule.cpp Strategies.cpp
         moc_qtcreate.cpp
         main.cpp
     1>main.cpp(1): warning C4068: 未知的杂注
         MFPSSchedule.cpp
         qtcreate.cpp
         Schedule.cpp
         Strategies.cpp
         正在生成代码...
         C:\Program Files (x86)\Microsoft Visual Studio 10.0\VC\bin\CL.exe /c /I.\GeneratedFiles /I. /IC:\Qt\Qt5.4.1\5.4\msvc2010_opengl\include /I.\GeneratedFiles\Debug /IC:\Qt\Qt5.4.1\5.4\msvc2010_opengl\include\QtCore /IC:\Qt\Qt5.4.1\5.4\msvc2010_opengl\include\QtGui /IC:\Qt\Qt5.4.1\5.4\msvc2010_opengl\include\QtWidgets /IC:\Qt\Qt5.4.1\5.4\msvc2010_opengl\include\QtXml /IC:\Qt\Qt5.4.1\5.4\msvc2010_opengl\include\QtXmlPatterns /IC:\Qt\Qt5.4.1\5.4\msvc2010_opengl\include\QtMultimedia /IC:\Qt\Qt5.4.1\5.4\msvc2010_opengl\include\QtMultimediaWidgets /Zi /nologo /W1 /WX- /Od /Oy- /D UNICODE /D WIN32 /D WIN64 /D QT_DLL /D QT_CORE_LIB /D QT_GUI_LIB /D QT_WIDGETS_LIB /D QT_XML_LIB /D QT_XMLPATTERNS_LIB /D QT_MULTIMEDIA_LIB /D QT_MULTIMEDIAWIDGETS_LIB /Gm- /EHsc /MDd /GS /fp:precise /Zc:wchar_t /Zc:forScope /Fo"Debug\\" /Fd"Debug\vc100.pdb" /Gd /TP /analyze- /errorReport:prompt GeneratedFiles\qrc_qtcreate.cpp
         qrc_qtcreate.cpp
       Link:
         C:\Program Files (x86)\Microsoft Visual Studio 10.0\VC\bin\link.exe /ERRORREPORT:PROMPT /OUT:"G:\Visual Studio 2013 project\QtCreate05301358\QtCreate\Win32\Debug\\QtCreate.exe" /NOLOGO /LIBPATH:C:\Qt\Qt5.4.1\5.4\msvc2010_opengl\lib qtmaind.lib Qt5Cored.lib Qt5Guid.lib Qt5Widgetsd.lib Qt5Xmld.lib Qt5XmlPatternsd.lib Qt5Multimediad.lib Qt5MultimediaWidgetsd.lib kernel32.lib user32.lib gdi32.lib winspool.lib comdlg32.lib advapi32.lib shell32.lib ole32.lib oleaut32.lib uuid.lib odbc32.lib odbccp32.lib /MANIFEST /ManifestFile:"Debug\QtCreate.exe.intermediate.manifest" /MANIFESTUAC:"level='asInvoker' uiAccess='false'" /DEBUG /PDB:"G:\Visual Studio 2013 project\QtCreate05301358\QtCreate\Win32\Debug\QtCreate.pdb" /SUBSYSTEM:WINDOWS /TLBID:1 /DYNAMICBASE /NXCOMPAT /IMPLIB:"G:\Visual Studio 2013 project\QtCreate05301358\QtCreate\Win32\Debug\QtCreate.lib" /MACHINE:X86 Debug\moc_qtcreate.obj
         Debug\qrc_qtcreate.obj
         Debug\main.obj
         Debug\MFPSSchedule.obj
         Debug\qtcreate.obj
         Debug\Schedule.obj
         Debug\Strategies.obj
         LINK : 没有找到 G:\Visual Studio 2013 project\QtCreate05301358\QtCreate\Win32\Debug\\QtCreate.exe 或上一个增量链接没有生成它；正在执行完全链接
         QtCreate.vcxproj -> G:\Visual Studio 2013 project\QtCreate05301358\QtCreate\Win32\Debug\QtCreate.exe
       Manifest:
         C:\Program Files (x86)\Microsoft SDKs\Windows\v7.0A\bin\mt.exe /nologo /verbose /outputresource:"G:\Visual Studio 2013 project\QtCreate05301358\QtCreate\Win32\Debug\\QtCreate.exe;#1" /manifest Debug\QtCreate.exe.intermediate.manifest
     1>已完成生成项目“G:\Visual Studio 2013 project\QtCreate05301358\QtCreate\QtCreate\QtCreate.vcxproj”(Build 个目标)的操作。

生成成功。

已用时间 00:00:07.12
